src/presentation/components/recipes/RecipeForm.tsx(4,24): error TS2307: Cannot find module '../../../../domain/entities/Recipe' or its corresponding type declarations.
src/presentation/components/recipes/RecipeForm.tsx(5,32): error TS2307: Cannot find module '../../../store/ingredientsAtoms' or its corresponding type declarations.
src/presentation/components/recipes/RecipeForm.tsx(6,28): error TS2307: Cannot find module '../../../store/recipesAtoms' or its corresponding type declarations.
src/presentation/components/recipes/RecipeForm.tsx(20,53): error TS6133: 'setValue' is declared but its value is never read.
src/presentation/components/recipes/RecipeForm.tsx(20,63): error TS6133: 'getValues' is declared but its value is never read.
src/presentation/components/recipes/RecipeForm.tsx(50,37): error TS7006: Parameter 'item' implicitly has an 'any' type.
src/presentation/components/recipes/RecipeForm.tsx(54,49): error TS7006: Parameter 'i' implicitly has an 'any' type.
src/presentation/components/recipes/RecipeForm.tsx(57,45): error TS7006: Parameter 'r' implicitly has an 'any' type.
src/presentation/components/recipes/RecipeForm.tsx(82,44): error TS7006: Parameter 'i' implicitly has an 'any' type.
src/presentation/components/recipes/RecipeForm.tsx(82,110): error TS7006: Parameter 'i' implicitly has an 'any' type.
src/presentation/components/recipes/RecipeForm.tsx(84,40): error TS7006: Parameter 'r' implicitly has an 'any' type.
src/presentation/components/recipes/RecipeForm.tsx(84,134): error TS7006: Parameter 'r' implicitly has an 'any' type.
src/presentation/components/recipes/RecipeForm.tsx(220,80): error TS2339: Property 'name' does not exist on type 'Record<"id", string>'.
src/presentation/components/recipes/RecipeForm.tsx(228,90): error TS2339: Property 'unit' does not exist on type 'Record<"id", string>'.
src/presentation/pages/RecipesPage.tsx(3,28): error TS2307: Cannot find module '../../store/recipesAtoms' or its corresponding type declarations.
src/presentation/pages/RecipesPage.tsx(4,24): error TS2307: Cannot find module '../../../domain/entities/Recipe' or its corresponding type declarations.
src/presentation/pages/RecipesPage.tsx(6,32): error TS2307: Cannot find module '../../store/ingredientsAtoms' or its corresponding type declarations.
src/presentation/pages/RecipesPage.tsx(9,22): error TS6133: 'loading' is declared but its value is never read.
src/presentation/pages/RecipesPage.tsx(110,42): error TS7006: Parameter 'recipe' implicitly has an 'any' type.
